0 info it worked if it ends with ok
1 verbose cli [ 'C:\\Program Files\\nodejs\\node.exe',
1 verbose cli   'C:\\Program Files\\nodejs\\node_modules\\npm\\bin\\npm-cli.js',
1 verbose cli   'init',
1 verbose cli   '-y' ]
2 info using npm@4.1.2
3 info using node@v7.7.1
4 silly package data undefined
5 info init written successfully
6 verbose stack Error: Invalid name: "SSL test"
6 verbose stack     at ensureValidName (C:\Users\iaguerrevere\AppData\Roaming\nvm\v7.7.1\node_modules\npm\node_modules\normalize-package-data\lib\fixer.js:336:15)
6 verbose stack     at Object.fixNameField (C:\Users\iaguerrevere\AppData\Roaming\nvm\v7.7.1\node_modules\npm\node_modules\normalize-package-data\lib\fixer.js:215:5)
6 verbose stack     at C:\Users\iaguerrevere\AppData\Roaming\nvm\v7.7.1\node_modules\npm\node_modules\normalize-package-data\lib\normalize.js:32:38
6 verbose stack     at Array.forEach (native)
6 verbose stack     at normalize (C:\Users\iaguerrevere\AppData\Roaming\nvm\v7.7.1\node_modules\npm\node_modules\normalize-package-data\lib\normalize.js:31:15)
6 verbose stack     at final (C:\Users\iaguerrevere\AppData\Roaming\nvm\v7.7.1\node_modules\npm\node_modules\read-package-json\read-json.js:349:5)
6 verbose stack     at then (C:\Users\iaguerrevere\AppData\Roaming\nvm\v7.7.1\node_modules\npm\node_modules\read-package-json\read-json.js:124:5)
6 verbose stack     at ReadFileContext.<anonymous> (C:\Users\iaguerrevere\AppData\Roaming\nvm\v7.7.1\node_modules\npm\node_modules\read-package-json\read-json.js:295:20)
6 verbose stack     at ReadFileContext.callback (C:\Users\iaguerrevere\AppData\Roaming\nvm\v7.7.1\node_modules\npm\node_modules\graceful-fs\graceful-fs.js:78:16)
6 verbose stack     at FSReqWrap.readFileAfterOpen [as oncomplete] (fs.js:358:13)
7 verbose cwd C:\Users\iaguerrevere\Desktop\SSL test
8 error Windows_NT 10.0.14393
9 error argv "C:\\Program Files\\nodejs\\node.exe" "C:\\Program Files\\nodejs\\node_modules\\npm\\bin\\npm-cli.js" "init" "-y"
10 error node v7.7.1
11 error npm  v4.1.2
12 error Invalid name: "SSL test"
13 error If you need help, you may report this error at:
13 error     <https://github.com/npm/npm/issues>
14 verbose exit [ 1, true ]
